<?xml version="1.0" encoding="UTF-8"?>
<!-- Generated by org.testng.reporters.JUnitXMLReporter -->
<testsuite hostname="DESKTOP-BJ9S1AE" ignored="2" name="Test" tests="2" failures="0" timestamp="10 Apr 2022 09:19:36 GMT" time="0.061" errors="0">
  <testcase name="hiiTest" time="0.016" classname="Profiling.Profile1Test"/>
  <testcase name="HIITest" time="0.003" classname="Profiling.Profile2Test"/>
  <testcase name="hiTest" time="0.0" classname="Profiling.Profile1Test">
    <ignored/>
  </testcase> <!-- hiTest -->
  <testcase name="HITest" time="0.0" classname="Profiling.Profile2Test">
    <ignored/>
  </testcase> <!-- HITest -->
</testsuite> <!-- Test -->
